<?xml version="1.0" encoding="UTF-8"?>
<testsuite xmlns:xsi="http://www.w3.org/2001/XMLSchema-instance" xsi:noNamespaceSchemaLocation="https://maven.apache.org/surefire/maven-surefire-plugin/xsd/surefire-test-report.xsd" name="com.lzb.indexer.BlockScannerIntegrationTest" time="24.894" tests="5" errors="0" skipped="0" failures="0">
  <properties>
[...]
</properties>
  <testcase name="testScanFindsMint" classname="com.lzb.indexer.BlockScannerIntegrationTest" time="0.774"/>
  <testcase name="testScanFindsNewTransfer" classname="com.lzb.indexer.BlockScannerIntegrationTest" time="0.938"/>
  <testcase name="testBlockHashSaved" classname="com.lzb.indexer.BlockScannerIntegrationTest" time="0.05"/>
  <testcase name="testScanIsIdempotent" classname="com.lzb.indexer.BlockScannerIntegrationTest" time="0.051"/>
  <testcase name="testScannerState" classname="com.lzb.indexer.BlockScannerIntegrationTest" time="0"/>
</testsuite>